<?xml version="1.0" encoding="UTF-8"?>
<testng-results ignored="0" total="1" passed="1" failed="0" skipped="0">
  <reporter-output>
  </reporter-output>
  <suite started-at="2024-10-08T12:39:15 IST" name="Default suite" finished-at="2024-10-08T12:39:40 IST" duration-ms="25052">
    <groups>
    </groups>
    <test started-at="2024-10-08T12:39:15 IST" name="Default test" finished-at="2024-10-08T12:39:40 IST" duration-ms="25052">
      <class name="basicSelenium.samp">
        <test-method signature="disabled()[pri:0, instance:basicSelenium.samp@6302bbb1]" started-at="2024-10-08T12:39:15 IST" name="disabled" finished-at="2024-10-08T12:39:40 IST" duration-ms="25003" status="PASS">
          <reporter-output>
          </reporter-output>
        </test-method> <!-- disabled -->
      </class> <!-- basicSelenium.samp -->
    </test> <!-- Default test -->
  </suite> <!-- Default suite -->
</testng-results>
